<?xml version="1.0" encoding="UTF-8"?>
<!-- Generated by org.testng.reporters.JUnitXMLReporter -->
<testsuite ignored="0" hostname="DESKTOP-MUPOVES" failures="0" tests="7" name="Test" time="325.803" errors="0" timestamp="2022-09-18T11:28:31 IST">
  <testcase classname="com.cs.tests.CustomerHomeTestsNew" name="VerifySortingOrderOfCustomerTable" time="16.003"/>
  <testcase classname="com.cs.tests.AddCustomerTestsNew" name="addCustomerBlankNameTest" time="10.453"/>
  <testcase classname="com.cs.tests.AddCustomerTestsNew" name="AddAndVerifyNewCustomerTest" time="53.516"/>
  <testcase classname="com.cs.tests.AddCustomerTestsNew" name="verifyAddCustomerPageTitle" time="15.401"/>
  <testcase classname="com.cs.tests.AddCustomerTestsNew" name="addCustomerBlankNameTest" time="14.575"/>
  <testcase classname="com.cs.tests.AddCustomerTestsNew" name="verifyAllLabelsOnAddCustomerPage" time="21.808"/>
  <testcase classname="com.cs.tests.AttendanceConfigurationTestsNew" name="AttendanceConfigurationTest" time="208.152"/>
</testsuite> <!-- Test -->
