<?xml version="1.0" encoding="UTF-8"?>
<testng-results ignored="0" total="7" passed="7" failed="0" skipped="0">
  <reporter-output>
  </reporter-output>
  <suite started-at="2022-09-18T11:23:05 IST" name="Suite" finished-at="2022-09-18T11:28:31 IST" duration-ms="325803">
    <groups>
    </groups>
    <test started-at="2022-09-18T11:23:05 IST" name="Test" finished-at="2022-09-18T11:28:31 IST" duration-ms="325803">
      <class name="com.cs.tests.AddCustomerTestsNew">
        <test-method is-config="true" signature="setUp([Ljava.lang.Object;)[pri:0, instance:com.cs.tests.AddCustomerTestsNew@795509d9]" started-at="2022-09-18T11:23:07 IST" name="setUp" finished-at="2022-09-18T11:23:23 IST" duration-ms="15783" status="PASS">
          <params>
            <param index="0">
              <value>
                <![CDATA[[Ljava.lang.Object;@ae372b9]]>
              </value>
            </param>
          </params>
          <reporter-output>
          </reporter-output>
        </test-method> <!-- setUp -->
        <test-method signature="AddAndVerifyNewCustomerTest(java.util.Map)[pri:0, instance:com.cs.tests.AddCustomerTestsNew@795509d9]" started-at="2022-09-18T11:23:23 IST" name="AddAndVerifyNewCustomerTest" description="Add new Customer " data-provider="getData" finished-at="2022-09-18T11:24:16 IST" duration-ms="53516" status="PASS">
          <params>
            <param index="0">
              <value>
                <![CDATA[{fname= , projectname=, approvedtimesheet=, testname=AddAndVerifyNewCustomerTest, execute=yes, password=YWRtaW4xMjM=, projectdatefrom=, browser=chrome, activityname=, projectdateto=, menutext=, submenutext=, exphours=, exptotalhours=, username=Admin}]]>
              </value>
            </param>
          </params>
          <reporter-output>
          </reporter-output>
        </test-method> <!-- AddAndVerifyNewCustomerTest -->
        <test-method is-config="true" signature="setUp([Ljava.lang.Object;)[pri:0, instance:com.cs.tests.AddCustomerTestsNew@795509d9]" started-at="2022-09-18T11:23:46 IST" name="setUp" finished-at="2022-09-18T11:23:56 IST" duration-ms="9894" status="PASS">
          <params>
            <param index="0">
              <value>
                <![CDATA[[Ljava.lang.Object;@2098d37d]]>
              </value>
            </param>
          </params>
          <reporter-output>
          </reporter-output>
        </test-method> <!-- setUp -->
        <test-method signature="addCustomerBlankNameTest(java.util.Map)[pri:0, instance:com.cs.tests.AddCustomerTestsNew@795509d9]" started-at="2022-09-18T11:23:56 IST" name="addCustomerBlankNameTest" description="Verify if user can not add blank customer " data-provider="getData" finished-at="2022-09-18T11:24:06 IST" duration-ms="10453" status="PASS">
          <params>
            <param index="0">
              <value>
                <![CDATA[{fname= , projectname=, approvedtimesheet=, testname=addCustomerBlankNameTest, execute=yes, password=YWRtaW4xMjM=, projectdatefrom=, browser=chrome, activityname=, projectdateto=, menutext=, submenutext=, exphours=, exptotalhours=, username=Admin}]]>
              </value>
            </param>
          </params>
          <reporter-output>
          </reporter-output>
        </test-method> <!-- addCustomerBlankNameTest -->
        <test-method is-config="true" signature="tearDown()[pri:0, instance:com.cs.tests.AddCustomerTestsNew@795509d9]" started-at="2022-09-18T11:24:06 IST" name="tearDown" finished-at="2022-09-18T11:24:07 IST" duration-ms="325" status="PASS">
          <reporter-output>
          </reporter-output>
        </test-method> <!-- tearDown -->
        <test-method is-config="true" signature="setUp([Ljava.lang.Object;)[pri:0, instance:com.cs.tests.AddCustomerTestsNew@795509d9]" started-at="2022-09-18T11:24:07 IST" name="setUp" finished-at="2022-09-18T11:24:39 IST" duration-ms="32231" status="PASS">
          <params>
            <param index="0">
              <value>
                <![CDATA[[Ljava.lang.Object;@77b9d0c7]]>
              </value>
            </param>
          </params>
          <reporter-output>
          </reporter-output>
        </test-method> <!-- setUp -->
        <test-method is-config="true" signature="tearDown()[pri:0, instance:com.cs.tests.AddCustomerTestsNew@795509d9]" started-at="2022-09-18T11:24:16 IST" name="tearDown" finished-at="2022-09-18T11:24:17 IST" duration-ms="690" status="PASS">
          <reporter-output>
          </reporter-output>
        </test-method> <!-- tearDown -->
        <test-method is-config="true" signature="setUp([Ljava.lang.Object;)[pri:0, instance:com.cs.tests.AddCustomerTestsNew@795509d9]" started-at="2022-09-18T11:24:17 IST" name="setUp" finished-at="2022-09-18T11:24:28 IST" duration-ms="11027" status="PASS">
          <params>
            <param index="0">
              <value>
                <![CDATA[[Ljava.lang.Object;@65fd6708]]>
              </value>
            </param>
          </params>
          <reporter-output>
          </reporter-output>
        </test-method> <!-- setUp -->
        <test-method signature="verifyAddCustomerPageTitle(java.util.Map)[pri:0, instance:com.cs.tests.AddCustomerTestsNew@795509d9]" started-at="2022-09-18T11:24:28 IST" name="verifyAddCustomerPageTitle" description="Verify Add customer page title" data-provider="getData" finished-at="2022-09-18T11:24:43 IST" duration-ms="15401" status="PASS">
          <params>
            <param index="0">
              <value>
                <![CDATA[{fname= , projectname=, approvedtimesheet=, testname=verifyAddCustomerPageTitle, execute=yes, password=YWRtaW4xMjM=, projectdatefrom=, browser=chrome, activityname=, projectdateto=, menutext=, submenutext=, exphours=, exptotalhours=, username=Admin}]]>
              </value>
            </param>
          </params>
          <reporter-output>
          </reporter-output>
        </test-method> <!-- verifyAddCustomerPageTitle -->
        <test-method signature="addCustomerBlankNameTest(java.util.Map)[pri:0, instance:com.cs.tests.AddCustomerTestsNew@795509d9]" started-at="2022-09-18T11:24:39 IST" name="addCustomerBlankNameTest" description="Verify if user can not add blank customer " data-provider="getData" finished-at="2022-09-18T11:24:54 IST" duration-ms="14575" status="PASS">
          <params>
            <param index="0">
              <value>
                <![CDATA[{fname=, projectname=, approvedtimesheet=, testname=addCustomerBlankNameTest, execute=yes, password=YWRtaW4xMjM=, projectdatefrom=, browser=edge, activityname=, projectdateto=, menutext=, submenutext=, exphours=, exptotalhours=, username=Admin}]]>
              </value>
            </param>
          </params>
          <reporter-output>
          </reporter-output>
        </test-method> <!-- addCustomerBlankNameTest -->
        <test-method is-config="true" signature="tearDown()[pri:0, instance:com.cs.tests.AddCustomerTestsNew@795509d9]" started-at="2022-09-18T11:24:43 IST" name="tearDown" finished-at="2022-09-18T11:24:44 IST" duration-ms="380" status="PASS">
          <reporter-output>
          </reporter-output>
        </test-method> <!-- tearDown -->
        <test-method is-config="true" signature="setUp([Ljava.lang.Object;)[pri:0, instance:com.cs.tests.AddCustomerTestsNew@795509d9]" started-at="2022-09-18T11:24:44 IST" name="setUp" finished-at="2022-09-18T11:24:53 IST" duration-ms="9465" status="PASS">
          <params>
            <param index="0">
              <value>
                <![CDATA[[Ljava.lang.Object;@749ab7b4]]>
              </value>
            </param>
          </params>
          <reporter-output>
          </reporter-output>
        </test-method> <!-- setUp -->
        <test-method signature="verifyAllLabelsOnAddCustomerPage(java.util.Map)[pri:0, instance:com.cs.tests.AddCustomerTestsNew@795509d9]" started-at="2022-09-18T11:24:53 IST" name="verifyAllLabelsOnAddCustomerPage" description="Verify all labels  from Add Customer Page" data-provider="getData" finished-at="2022-09-18T11:25:15 IST" duration-ms="21808" status="PASS">
          <params>
            <param index="0">
              <value>
                <![CDATA[{fname= , projectname=, approvedtimesheet=, testname=verifyAllLabelsOnAddCustomerPage, execute=yes, password=YWRtaW4xMjM=, projectdatefrom=, browser=chrome, activityname=, projectdateto=, menutext=, submenutext=, exphours=, exptotalhours=, username=Admin}]]>
              </value>
            </param>
          </params>
          <reporter-output>
          </reporter-output>
        </test-method> <!-- verifyAllLabelsOnAddCustomerPage -->
        <test-method is-config="true" signature="tearDown()[pri:0, instance:com.cs.tests.AddCustomerTestsNew@795509d9]" started-at="2022-09-18T11:24:54 IST" name="tearDown" finished-at="2022-09-18T11:24:55 IST" duration-ms="1548" status="PASS">
          <reporter-output>
          </reporter-output>
        </test-method> <!-- tearDown -->
        <test-method is-config="true" signature="tearDown()[pri:0, instance:com.cs.tests.AddCustomerTestsNew@795509d9]" started-at="2022-09-18T11:25:15 IST" name="tearDown" finished-at="2022-09-18T11:25:16 IST" duration-ms="1237" status="PASS">
          <reporter-output>
          </reporter-output>
        </test-method> <!-- tearDown -->
      </class> <!-- com.cs.tests.AddCustomerTestsNew -->
      <class name="com.cs.tests.CustomerHomeTestsNew">
        <test-method is-config="true" signature="setUp([Ljava.lang.Object;)[pri:0, instance:com.cs.tests.CustomerHomeTestsNew@19e4653c]" started-at="2022-09-18T11:23:07 IST" name="setUp" finished-at="2022-09-18T11:23:30 IST" duration-ms="22957" status="PASS">
          <params>
            <param index="0">
              <value>
                <![CDATA[[Ljava.lang.Object;@746cd757]]>
              </value>
            </param>
          </params>
          <reporter-output>
          </reporter-output>
        </test-method> <!-- setUp -->
        <test-method signature="VerifySortingOrderOfCustomerTable(java.util.Map)[pri:0, instance:com.cs.tests.CustomerHomeTestsNew@19e4653c]" started-at="2022-09-18T11:23:30 IST" name="VerifySortingOrderOfCustomerTable" description="Verify if a customer table is sorted asc or desc on customer field" data-provider="getData" finished-at="2022-09-18T11:23:46 IST" duration-ms="16003" status="PASS">
          <params>
            <param index="0">
              <value>
                <![CDATA[{fname= , projectname=, approvedtimesheet=, testname=VerifySortingOrderOfCustomerTable, execute=yes, password=YWRtaW4xMjM=, projectdatefrom=, browser=chrome, activityname=, projectdateto=, menutext=, submenutext=, exphours=, exptotalhours=, username=Admin}]]>
              </value>
            </param>
          </params>
          <reporter-output>
          </reporter-output>
        </test-method> <!-- VerifySortingOrderOfCustomerTable -->
        <test-method is-config="true" signature="tearDown()[pri:0, instance:com.cs.tests.CustomerHomeTestsNew@19e4653c]" started-at="2022-09-18T11:23:46 IST" name="tearDown" finished-at="2022-09-18T11:23:46 IST" duration-ms="338" status="PASS">
          <reporter-output>
          </reporter-output>
        </test-method> <!-- tearDown -->
      </class> <!-- com.cs.tests.CustomerHomeTestsNew -->
      <class name="com.cs.tests.AttendanceConfigurationTestsNew">
        <test-method is-config="true" signature="setUp([Ljava.lang.Object;)[pri:0, instance:com.cs.tests.AttendanceConfigurationTestsNew@53045c6c]" started-at="2022-09-18T11:24:55 IST" name="setUp" finished-at="2022-09-18T11:25:03 IST" duration-ms="7412" status="PASS">
          <params>
            <param index="0">
              <value>
                <![CDATA[[Ljava.lang.Object;@127f9161]]>
              </value>
            </param>
          </params>
          <reporter-output>
          </reporter-output>
        </test-method> <!-- setUp -->
        <test-method signature="AttendanceConfigurationTest(java.util.Map)[pri:0, instance:com.cs.tests.AttendanceConfigurationTestsNew@53045c6c]" started-at="2022-09-18T11:25:03 IST" name="AttendanceConfigurationTest" description="Set configuration in cconfiguration page and verify" data-provider="getData" finished-at="2022-09-18T11:28:31 IST" duration-ms="208152" status="PASS">
          <params>
            <param index="0">
              <value>
                <![CDATA[{fname= , projectname=, approvedtimesheet=, testname=AttendanceConfigurationTest, execute=yes, password=YWRtaW4xMjM=, projectdatefrom=, browser=chrome, activityname=, projectdateto=, menutext=, submenutext=, exphours=, exptotalhours=, username=Admin}]]>
              </value>
            </param>
          </params>
          <reporter-output>
          </reporter-output>
        </test-method> <!-- AttendanceConfigurationTest -->
        <test-method is-config="true" signature="tearDown()[pri:0, instance:com.cs.tests.AttendanceConfigurationTestsNew@53045c6c]" started-at="2022-09-18T11:28:31 IST" name="tearDown" finished-at="2022-09-18T11:28:31 IST" duration-ms="450" status="PASS">
          <reporter-output>
          </reporter-output>
        </test-method> <!-- tearDown -->
      </class> <!-- com.cs.tests.AttendanceConfigurationTestsNew -->
    </test> <!-- Test -->
  </suite> <!-- Suite -->
</testng-results>
